app/seeds.txt
in.calcuttamedicalstore.activity.AboutsActivity_ViewBinding
in.calcuttamedicalstore.retrofit.UserService
in.calcuttamedicalstore.fragment.SubCategoryFragment
in.calcuttamedicalstore.activity.ItemDetailsActivity_ViewBinding
in.calcuttamedicalstore.activity.CoupunActivity
in.calcuttamedicalstore.activity.SelectAreaActivity
in.calcuttamedicalstore.fragment.OrderSumrryFragment$ItemAdp$ViewHolder_ViewBinding
in.calcuttamedicalstore.fragment.HomeFragment
in.calcuttamedicalstore.adapter.ReletedItemAllAdp$ViewHolder_ViewBinding
in.calcuttamedicalstore.activity.ForgotActivity_ViewBinding
in.calcuttamedicalstore.activity.UpiActivity
in.calcuttamedicalstore.adapter.ReletedItemAdp$ViewHolder_ViewBinding
in.calcuttamedicalstore.fragment.MyOrderFragment_ViewBinding
in.calcuttamedicalstore.fragment.ItemListFragment_ViewBinding
in.calcuttamedicalstore.utils.AutoScrollViewPager
in.calcuttamedicalstore.fragment.PlaceOrderFragment_ViewBinding
in.calcuttamedicalstore.activity.SingActivity
in.calcuttamedicalstore.activity.PaypalActivity
in.calcuttamedicalstore.activity.RatesActivity
in.calcuttamedicalstore.activity.TramsAndConditionActivity
in.calcuttamedicalstore.activity.AboutsActivity
in.calcuttamedicalstore.fragment.Info1Fragment
in.calcuttamedicalstore.activity.InfoActivity
in.calcuttamedicalstore.activity.ItemDetailsActivity
in.calcuttamedicalstore.activity.ProfileActivity
in.calcuttamedicalstore.fragment.PlaceOrderFragment
in.calcuttamedicalstore.MyApplication
in.calcuttamedicalstore.activity.HomeActivity
in.calcuttamedicalstore.activity.MyOrderListActivity
in.calcuttamedicalstore.fragment.AddressFragment_ViewBinding
in.calcuttamedicalstore.fragment.OrderSumrryFragment_ViewBinding
in.calcuttamedicalstore.activity.PaytmActivity
in.calcuttamedicalstore.activity.LoginActivity
in.calcuttamedicalstore.activity.FirstActivity
in.calcuttamedicalstore.activity.VerifyPhoneActivity
in.calcuttamedicalstore.activity.ChanegPasswordActivity_ViewBinding
in.calcuttamedicalstore.activity.ProfileActivity_ViewBinding
in.calcuttamedicalstore.activity.SingActivity_ViewBinding
in.calcuttamedicalstore.activity.PopRatesActivity_ViewBinding
in.calcuttamedicalstore.fragment.CardFragment$ItemAdp$ViewHolder_ViewBinding
in.calcuttamedicalstore.activity.AddressActivity_ViewBinding
in.calcuttamedicalstore.adapter.ReletedItemDaynamicAdp$ViewHolder_ViewBinding
in.calcuttamedicalstore.activity.NotificationDetailsActivity_ViewBinding
in.calcuttamedicalstore.activity.InfoActivity_ViewBinding
in.calcuttamedicalstore.activity.ForgotActivity
in.calcuttamedicalstore.activity.ChanegPasswordActivity
in.calcuttamedicalstore.activity.TramsAndConditionActivity_ViewBinding
in.calcuttamedicalstore.activity.CoupunActivity_ViewBinding
in.calcuttamedicalstore.activity.SelectAreaActivity_ViewBinding
in.calcuttamedicalstore.activity.AddressActivity
in.calcuttamedicalstore.fragment.CategoryFragment
in.calcuttamedicalstore.notification.MyFirebaseMessagingService
in.calcuttamedicalstore.fragment.OrderSumrryFragment
in.calcuttamedicalstore.adapter.CouponAdp$MyViewHolder_ViewBinding
in.calcuttamedicalstore.activity.BaseActivity
in.calcuttamedicalstore.activity.NotificationActivity_ViewBinding
in.calcuttamedicalstore.activity.FeedBackActivity
in.calcuttamedicalstore.adapter.ItemAdp$ViewHolder_ViewBinding
in.calcuttamedicalstore.activity.MyOrderListActivity_ViewBinding
in.calcuttamedicalstore.activity.PopRatesActivity
in.calcuttamedicalstore.fragment.PopularFragment_ViewBinding
in.calcuttamedicalstore.fragment.CardFragment
in.calcuttamedicalstore.fragment.MyOrderFragment
in.calcuttamedicalstore.fragment.SubCategoryFragment_ViewBinding
in.calcuttamedicalstore.MainActivity
in.calcuttamedicalstore.activity.LoginActivity_ViewBinding
in.calcuttamedicalstore.fragment.ItemListFragment
in.calcuttamedicalstore.activity.ContectusActivity
in.calcuttamedicalstore.activity.HomeActivity_ViewBinding
in.calcuttamedicalstore.activity.VerifyPhoneActivity_ViewBinding
...
com.merhold.extensiblepageindicator.R$styleable: int AppCompatTheme_controlBackground
com.google.android.material.R$style: int Base_Widget_AppCompat_TextView
okhttp3.Cache$CacheResponseBody: okhttp3.internal.cache.DiskLruCache$Snapshot snapshot
androidx.constraintlayout.widget.R$styleable: int KeyTrigger_motion_postLayoutCollision
com.google.android.material.R$style: int TextAppearance_Design_Counter_Overflow
com.razorpay.R$color: int bright_foreground_inverse_material_dark
com.google.android.material.R$styleable: int Variant_region_widthMoreThan
com.google.android.material.R$id: int material_textinput_timepicker
com.google.android.material.R$id: int elastic
com.google.android.material.R$styleable: int GradientColor_android_centerY
androidx.constraintlayout.widget.R$styleable: int KeyAttribute_android_rotationY
com.google.android.material.R$dimen: int material_clock_face_margin_top
com.google.android.material.R$attr: int behavior_overlapTop
com.google.android.material.R$attr: int displayOptions
okhttp3.ConnectionSpec: okhttp3.CipherSuite[] APPROVED_CIPHER_SUITES
butterknife.R$styleable: int GradientColor_android_endX
okhttp3.CipherSuite: okhttp3.CipherSuite TLS_DHE_DSS_WITH_AES_128_CBC_SHA256
androidx.constraintlayout.widget.R$styleable: int Constraint_pathMotionArc
com.razorpay.R$dimen: int abc_dialog_list_padding_bottom_no_buttons
com.razorpay.R$attr: int colorSwitchThumbNormal
com.kofigyan.stateprogressbar.R$color: int abc_search_url_text_pressed
com.kofigyan.stateprogressbar.R$styleable: int LinearLayoutCompat_Layout_android_layout_gravity
androidx.appcompat.R$color: int secondary_text_disabled_material_dark
com.google.android.material.R$attr: int percentY
com.google.android.material.R$styleable: int[] ViewPager2
androidx.appcompat.R$attr: int panelMenuListTheme
com.google.android.material.R$style: int Theme_AppCompat_Light_NoActionBar
com.google.android.material.R$attr: int listChoiceBackgroundIndicator
com.google.android.material.R$attr: int pathMotionArc
androidx.constraintlayout.widget.R$id: int accessibility_custom_action_8
androidx.appcompat.R$dimen: int abc_star_big
com.razorpay.R$style: int Base_Widget_AppCompat_Light_ActionBar_Solid
com.kofigyan.stateprogressbar.R$color: int abc_background_cache_hint_selector_material_dark
com.paytm.pgsdk.R$style: int Base_TextAppearance_AppCompat_Display1
com.google.android.material.R$style: int Widget_MaterialComponents_Slider
com.kofigyan.stateprogressbar.R$styleable: int StateProgressBar_spb_stateNumberIsDescending
androidx.appcompat.R$attr: int autoSizeMaxTextSize
com.merhold.extensiblepageindicator.R$styleable: int Toolbar_subtitleTextColor
com.google.android.material.R$styleable: int ConstraintLayout_Layout_layout_constraintVertical_bias
androidx.viewpager2.R$styleable: int RecyclerView_fastScrollVerticalThumbDrawable
androidx.constraintlayout.widget.R$styleable: int ActionMode_closeItemLayout
com.razorpay.Config: boolean retrySetFromOptions
com.google.android.material.R$string: int mtrl_picker_a11y_next_month
com.razorpay.R$style: int TextAppearance_AppCompat_Large_Inverse
com.github.czy1121.cornerlabelview.R$styleable: int Toolbar_android_gravity
com.google.android.material.R$attr: int layout_collapseParallaxMultiplier
androidx.constraintlayout.widget.R$styleable: int KeyTimeCycle_transitionEasing
androidx.appcompat.R$styleable: int Toolbar_contentInsetEnd
com.google.android.gms.base.R$drawable: int common_full_open_on_phone
com.google.android.material.R$attr: int backgroundInsetEnd
paytm.assist.easypay.easypay.R$styleable: int Toolbar_titleMarginTop
com.razorpay.RzpAssist$4: java.lang.String val$message
androidx.constraintlayout.widget.R$styleable: int Transform_android_translationY
androidx.appcompat.R$attr: int listChoiceBackgroundIndicator
androidx.appcompat.R$attr: int actionModeSplitBackground
androidx.fragment.R$id: int blocking
com.google.android.material.R$styleable: int ConstraintSet_layout_constraintWidth_default