app/unused.txt
in.calcuttamedicalstore.BuildConfig
in.calcuttamedicalstore.MyApplication:
    private static final java.lang.String ONESIGNAL_APP_ID
in.calcuttamedicalstore.R$anim
in.calcuttamedicalstore.R$animator
in.calcuttamedicalstore.R$attr
in.calcuttamedicalstore.R$bool
in.calcuttamedicalstore.R$color
in.calcuttamedicalstore.R$dimen
in.calcuttamedicalstore.R$drawable
in.calcuttamedicalstore.R$font
in.calcuttamedicalstore.R$id
in.calcuttamedicalstore.R$integer
in.calcuttamedicalstore.R$interpolator
in.calcuttamedicalstore.R$layout
in.calcuttamedicalstore.R$menu
in.calcuttamedicalstore.R$mipmap
in.calcuttamedicalstore.R$plurals
in.calcuttamedicalstore.R$raw
in.calcuttamedicalstore.R$string
in.calcuttamedicalstore.R$style
in.calcuttamedicalstore.R$styleable
in.calcuttamedicalstore.R$xml
in.calcuttamedicalstore.R
in.calcuttamedicalstore.activity.AboutsActivity_ViewBinding:
    public void <init>(in.calcuttamedicalstore.activity.AboutsActivity)
in.calcuttamedicalstore.activity.AddressActivity_ViewBinding:
    public void <init>(in.calcuttamedicalstore.activity.AddressActivity)
in.calcuttamedicalstore.activity.ChanegPasswordActivity_ViewBinding:
    public void <init>(in.calcuttamedicalstore.activity.ChanegPasswordActivity)
in.calcuttamedicalstore.activity.ContectusActivity_ViewBinding:
    public void <init>(in.calcuttamedicalstore.activity.ContectusActivity)
in.calcuttamedicalstore.activity.CoupunActivity_ViewBinding:
    public void <init>(in.calcuttamedicalstore.activity.CoupunActivity)
in.calcuttamedicalstore.activity.FeedBackActivity_ViewBinding:
    public void <init>(in.calcuttamedicalstore.activity.FeedBackActivity)
in.calcuttamedicalstore.activity.ForgotActivity_ViewBinding:
    public void <init>(in.calcuttamedicalstore.activity.ForgotActivity)
in.calcuttamedicalstore.activity.HomeActivity_ViewBinding:
    public void <init>(in.calcuttamedicalstore.activity.HomeActivity)
in.calcuttamedicalstore.activity.InfoActivity_ViewBinding:
    public void <init>(in.calcuttamedicalstore.activity.InfoActivity)
in.calcuttamedicalstore.activity.ItemDetailsActivity:
    public static in.calcuttamedicalstore.activity.ItemDetailsActivity getInstance()
in.calcuttamedicalstore.activity.ItemDetailsActivity_ViewBinding:
    public void <init>(in.calcuttamedicalstore.activity.ItemDetailsActivity)
in.calcuttamedicalstore.activity.LoginActivity_ViewBinding:
    public void <init>(in.calcuttamedicalstore.activity.LoginActivity)
in.calcuttamedicalstore.activity.MyOrderListActivity:
    public static in.calcuttamedicalstore.activity.MyOrderListActivity getInstance()
in.calcuttamedicalstore.activity.MyOrderListActivity_ViewBinding:
    public void <init>(in.calcuttamedicalstore.activity.MyOrderListActivity)
in.calcuttamedicalstore.activity.NotificationActivity_ViewBinding:
    public void <init>(in.calcuttamedicalstore.activity.NotificationActivity)
in.calcuttamedicalstore.activity.NotificationDetailsActivity_ViewBinding:
    public void <init>(in.calcuttamedicalstore.activity.NotificationDetailsActivity)
in.calcuttamedicalstore.activity.PaypalActivity:
    private static final int REQUEST_CODE_FUTURE_PAYMENT
    private static final int REQUEST_CODE_PAYMENT
    private static final int REQUEST_CODE_PROFILE_SHARING
in.calcuttamedicalstore.activity.PaytmActivity$1:
    public void clientAuthenticationFailed(java.lang.String)
    public void onErrorLoadingWebPage(int,java.lang.String,java.lang.String)
in.calcuttamedicalstore.activity.PopRatesActivity_ViewBinding:
    public void <init>(in.calcuttamedicalstore.activity.PopRatesActivity)
in.calcuttamedicalstore.activity.PrivecyPolicyActivity_ViewBinding:
    public void <init>(in.calcuttamedicalstore.activity.PrivecyPolicyActivity)
in.calcuttamedicalstore.activity.ProfileActivity_ViewBinding:
    public void <init>(in.calcuttamedicalstore.activity.ProfileActivity)
in.calcuttamedicalstore.activity.RatesActivity_ViewBinding:
    public void <init>(in.calcuttamedicalstore.activity.RatesActivity)
...
com.google.android.gms.auth.zzb
com.google.android.gms.auth.zzc
com.google.android.gms.auth.zzd
com.google.android.gms.auth.zze
com.google.android.gms.auth.zzf
com.google.android.gms.auth.zzg
com.google.android.gms.auth.zzh
com.google.android.gms.auth.zzi
com.google.android.gms.auth.zzj
com.google.android.gms.auth.zzk
com.google.android.gms.base.R$attr
com.google.android.gms.base.R$color:
    private void <init>()
com.google.android.gms.base.R$drawable:
    private void <init>()
com.google.android.gms.base.R$id
com.google.android.gms.base.R$string:
    private void <init>()
com.google.android.gms.base.R$styleable:
    private void <init>()
com.google.android.gms.base.R
com.google.android.gms.cloudmessaging.CloudMessage$MessagePriority
com.google.android.gms.cloudmessaging.CloudMessage:
    public static final int PRIORITY_HIGH
    public static final int PRIORITY_NORMAL
    public static final int PRIORITY_UNKNOWN
    private java.util.Map zzb
    public final java.lang.String getCollapseKey()
    public final synchronized java.util.Map getData()
    public final java.lang.String getFrom()
    public final java.lang.String getMessageId()
    public final java.lang.String getMessageType()
    public final int getOriginalPriority()
    public final int getPriority()
    public final byte[] getRawData()
    public final java.lang.String getSenderId()
    public final long getSentTime()
    public final java.lang.String getTo()
    public final int getTtl()
    private static int zza(java.lang.String)
com.google.android.gms.cloudmessaging.CloudMessagingReceiver$IntentActionKeys
com.google.android.gms.cloudmessaging.CloudMessagingReceiver$IntentKeys
com.google.android.gms.cloudmessaging.IMessengerCompat$Impl
com.google.android.gms.cloudmessaging.IMessengerCompat:
    public static final java.lang.String DESCRIPTOR
    public static final int TRANSACTION_SEND
com.google.android.gms.cloudmessaging.R
com.google.android.gms.common.AccountPicker$AccountChooserOptions$Builder
com.google.android.gms.common.AccountPicker$AccountChooserOptions$zza
com.google.android.gms.common.AccountPicker$AccountChooserOptions
com.google.android.gms.common.AccountPicker
com.google.android.gms.common.BlockingServiceConnection:
    public android.os.IBinder getService()
com.google.android.gms.common.ConnectionResult:
    public static final int API_UNAVAILABLE
    public static final int CANCELED
    public static final int DEVELOPER_ERROR
    public static final int DRIVE_EXTERNAL_STORAGE_REQUIRED
    public static final int INTERNAL_ERROR
    public static final int INTERRUPTED
    public static final int INVALID_ACCOUNT
    public static final int LICENSE_CHECK_FAILED
    public static final int NETWORK_ERROR
    public static final int RESOLUTION_REQUIRED
    public static final int RESTRICTED_PROFILE
    public static final int SERVICE_DISABLED
    public static final int SERVICE_INVALID
    public static final int SERVICE_MISSING
    public static final int SERVICE_MISSING_PERMISSION
    public static final int SERVICE_UPDATING
    public static final int SERVICE_VERSION_UPDATE_REQUIRED
    public static final int SIGN_IN_FAILED
    public static final int SIGN_IN_REQUIRED
    public static final int SUCCESS
    public static final int TIMEOUT
    public static final int UNKNOWN
    public final void startResolutionForResult(android.app.Activity,int)
com.google.android.gms.common.ErrorDialogFragment:
    public static com.google.android.gms.common.ErrorDialogFragment newInstance(android.app.Dialog)
com.google.android.gms.common.FirstPartyScopes